<?xml version="1.0" encoding="UTF-8"?>
<!-- Generated by org.testng.reporters.JUnitXMLReporter -->
<testsuite hostname="LAPTOP-Q6SRFBAH" name="Test" tests="4" failures="1" timestamp="16 Sep 2019 08:29:49 GMT" time="110.264" errors="0">
  <testcase name="validate_navigate_bar" time="0.748" classname="practice.BasicMaven.Validate_Nav_bar"/>
  <testcase name="ValidateTheTitle" time="0.146" classname="practice.BasicMaven.ValidateTitle">
    <failure type="java.lang.AssertionError" message="expected [FEATURED COURSE] but found [FEATURED COURSES]">
      <![CDATA[java.lang.AssertionError: expected [FEATURED COURSE] but found [FEATURED COURSES]
	at practice.BasicMaven.ValidateTitle.ValidateTheTitle(ValidateTitle.java:25)
... Removed 29 stack frames]]>
    </failure>
  </testcase> <!-- ValidateTheTitle -->
  <testcase name="basePageNavigation" time="29.789" classname="practice.BasicMaven.HomePage"/>
  <testcase name="basePageNavigation" time="14.217" classname="practice.BasicMaven.HomePage"/>
</testsuite> <!-- Test -->
